2017-01-08 09:37:26.130040 # on Pranaabs-MacBook-Pro.local: deepdive do has_spouse
2017-01-08 09:37:26.130235 # run/20170108/093723.378098000/plan.sh
2017-01-08 09:37:26.130259 # execution plan for data/has_spouse
2017-01-08 09:37:26.130277 
2017-01-08 09:37:26.130298 : ## process/init/app ##########################################################
2017-01-08 09:37:26.130314 : # Done: 2017-01-07T16:20:10-0500 (17h 17m 13s ago)
2017-01-08 09:37:26.130329 : process/init/app/run.sh
2017-01-08 09:37:26.130345 : mark_done process/init/app
2017-01-08 09:37:26.130361 : ##############################################################################
2017-01-08 09:37:26.130377 
2017-01-08 09:37:26.130396 : ## process/init/relation/sentences ###########################################
2017-01-08 09:37:26.130414 : # Done: 2017-01-07T20:56:10-0500 (12h 41m 13s ago)
2017-01-08 09:37:26.130432 : process/init/relation/sentences/run.sh
2017-01-08 09:37:26.130451 : mark_done process/init/relation/sentences
2017-01-08 09:37:26.130469 : ##############################################################################
2017-01-08 09:37:26.130486 
2017-01-08 09:37:26.130502 : ## data/sentences ############################################################
2017-01-08 09:37:26.130518 : # Done: 2017-01-07T20:56:10-0500 (12h 41m 13s ago)
2017-01-08 09:37:26.130534 : # no-op
2017-01-08 09:37:26.130550 : mark_done data/sentences
2017-01-08 09:37:26.130565 : ##############################################################################
2017-01-08 09:37:26.130581 
2017-01-08 09:37:26.130597 : ## process/ext_person_mention_by_map_person_mention ##########################
2017-01-08 09:37:26.130613 : # Done: 2017-01-07T21:11:42-0500 (12h 25m 41s ago)
2017-01-08 09:37:26.130628 : process/ext_person_mention_by_map_person_mention/run.sh
2017-01-08 09:37:26.130644 : mark_done process/ext_person_mention_by_map_person_mention
2017-01-08 09:37:26.130660 : ##############################################################################
2017-01-08 09:37:26.130673 
2017-01-08 09:37:26.130683 : ## data/person_mention #######################################################
2017-01-08 09:37:26.130693 : # Done: 2017-01-07T21:11:42-0500 (12h 25m 41s ago)
2017-01-08 09:37:26.130703 : # no-op
2017-01-08 09:37:26.130713 : mark_done data/person_mention
2017-01-08 09:37:26.130723 : ##############################################################################
2017-01-08 09:37:26.130733 
2017-01-08 09:37:26.130743 : ## process/ext_num_people ####################################################
2017-01-08 09:37:26.130753 : # Done: 2017-01-08T08:06:06-0500 (1h 31m 17s ago)
2017-01-08 09:37:26.130763 : process/ext_num_people/run.sh
2017-01-08 09:37:26.130773 : mark_done process/ext_num_people
2017-01-08 09:37:26.130782 : ##############################################################################
2017-01-08 09:37:26.130792 
2017-01-08 09:37:26.130802 : ## data/num_people ###########################################################
2017-01-08 09:37:26.130813 : # Done: 2017-01-08T08:06:06-0500 (1h 31m 17s ago)
2017-01-08 09:37:26.130823 : # no-op
2017-01-08 09:37:26.130832 : mark_done data/num_people
2017-01-08 09:37:26.130842 : ##############################################################################
2017-01-08 09:37:26.130852 
2017-01-08 09:37:26.130862 : ## process/ext_spouse_candidate ##############################################
2017-01-08 09:37:26.130871 : # Done: 2017-01-08T08:06:08-0500 (1h 31m 15s ago)
2017-01-08 09:37:26.130881 : process/ext_spouse_candidate/run.sh
2017-01-08 09:37:26.130891 : mark_done process/ext_spouse_candidate
2017-01-08 09:37:26.130901 : ##############################################################################
2017-01-08 09:37:26.130910 
2017-01-08 09:37:26.130920 : ## data/spouse_candidate #####################################################
2017-01-08 09:37:26.130930 : # Done: 2017-01-08T08:06:08-0500 (1h 31m 15s ago)
2017-01-08 09:37:26.130940 : # no-op
2017-01-08 09:37:26.130950 : mark_done data/spouse_candidate
2017-01-08 09:37:26.130960 : ##############################################################################
2017-01-08 09:37:26.130970 
2017-01-08 09:37:26.130979 : ## process/ext_spouse_label_by_supervise #####################################
2017-01-08 09:37:26.130989 : # Done: 2017-01-08T09:12:25-0500 (24m 58s ago)
2017-01-08 09:37:26.130999 : process/ext_spouse_label_by_supervise/run.sh
2017-01-08 09:37:26.131009 : mark_done process/ext_spouse_label_by_supervise
2017-01-08 09:37:26.131019 : ##############################################################################
2017-01-08 09:37:26.131028 
2017-01-08 09:37:26.131038 : ## data/spouse_label #########################################################
2017-01-08 09:37:26.131048 : # Done: 2017-01-08T09:12:25-0500 (24m 58s ago)
2017-01-08 09:37:26.131058 : # no-op
2017-01-08 09:37:26.131067 : mark_done data/spouse_label
2017-01-08 09:37:26.131077 : ##############################################################################
2017-01-08 09:37:26.131087 
2017-01-08 09:37:26.131096 : ## process/ext_spouse_label_resolved #########################################
2017-01-08 09:37:26.131106 : # Done: 2017-01-08T09:12:25-0500 (24m 58s ago)
2017-01-08 09:37:26.131116 : process/ext_spouse_label_resolved/run.sh
2017-01-08 09:37:26.131126 : mark_done process/ext_spouse_label_resolved
2017-01-08 09:37:26.131135 : ##############################################################################
2017-01-08 09:37:26.131145 
2017-01-08 09:37:26.131155 : ## data/spouse_label_resolved ################################################
2017-01-08 09:37:26.131165 : # Done: 2017-01-08T09:12:25-0500 (24m 58s ago)
2017-01-08 09:37:26.131174 : # no-op
2017-01-08 09:37:26.131184 : mark_done data/spouse_label_resolved
2017-01-08 09:37:26.131194 : ##############################################################################
2017-01-08 09:37:26.131204 
2017-01-08 09:37:26.131214 ## process/ext_has_spouse ####################################################
2017-01-08 09:37:26.131224 # Done: N/A
2017-01-08 09:37:26.131234 process/ext_has_spouse/run.sh
2017-01-08 09:37:26.131244 ++ dirname process/ext_has_spouse/run.sh
2017-01-08 09:37:26.131254 + cd process/ext_has_spouse
2017-01-08 09:37:26.131263 + export DEEPDIVE_CURRENT_PROCESS_NAME=process/ext_has_spouse
2017-01-08 09:37:26.131273 + DEEPDIVE_CURRENT_PROCESS_NAME=process/ext_has_spouse
2017-01-08 09:37:26.131283 + deepdive create view has_spouse as 'SELECT DISTINCT R0.column_0, R0.column_1, 0 AS id, 
2017-01-08 09:37:26.131293 CASE WHEN R0.column_2 > 0 THEN true
2017-01-08 09:37:26.131302      WHEN R0.column_2 < 0 THEN false
2017-01-08 09:37:26.131312      ELSE NULL
2017-01-08 09:37:26.131322 END AS label
2017-01-08 09:37:26.131331           FROM spouse_label_resolved R0
2017-01-08 09:37:26.131341         
2017-01-08 09:37:26.131351           '
2017-01-08 09:37:26.259089 CREATE VIEW
2017-01-08 09:37:26.260270 mark_done process/ext_has_spouse
2017-01-08 09:37:26.273817 ##############################################################################
2017-01-08 09:37:26.273879 
2017-01-08 09:37:26.273919 ## data/has_spouse ###########################################################
2017-01-08 09:37:26.273956 # Done: N/A
2017-01-08 09:37:26.273979 # no-op
2017-01-08 09:37:26.273999 mark_done data/has_spouse
2017-01-08 09:37:26.287740 ##############################################################################
2017-01-08 09:37:26.287801 
