2017-01-07 15:40:47.388582 ‘run/LATEST.COMPILE’ -> ‘20170107/154047.337362000’
2017-01-07 15:40:47.388813 ‘run/RUNNING.COMPILE’ -> ‘20170107/154047.337362000’
2017-01-07 15:40:47.388844 Parsing DeepDive application (/Users/pranaab/Developer/Term3A/URA/spouseLocal) to generate:
2017-01-07 15:40:47.388868  run/compiled/schema.json
2017-01-07 15:40:47.388890   from app.ddlog
2017-01-07 15:40:47.740157  run/compiled/deepdive.conf
2017-01-07 15:40:47.740278   from app.ddlog
2017-01-07 15:40:48.152540  run/compiled/deepdive.conf.json
2017-01-07 15:40:48.444253 Performing sanity checks on run/compiled/deepdive.conf.json:
2017-01-07 15:40:48.490966  checking if input_extractors_well_defined
2017-01-07 15:40:48.491021  checking if input_schema_wellformed
2017-01-07 15:40:48.491375 Normalizing and adding built-in processes to the data flow to compile:
2017-01-07 15:40:48.491845  run/compiled/config-0.00-init_objects.json
2017-01-07 15:40:48.505667  run/compiled/config-0.01-parse_calibration.json
2017-01-07 15:40:48.517801  run/compiled/config-0.01-parse_schema.json
2017-01-07 15:40:48.534102  run/compiled/config-0.51-add_init_app.json
2017-01-07 15:40:48.546747  run/compiled/config-0.52-input_loader.json
2017-01-07 15:40:48.563297  run/compiled/config-1.00-qualified_names.json
2017-01-07 15:40:48.587336  run/compiled/config-1.01-parse_inference_rules.json
2017-01-07 15:40:48.612985  run/compiled/config-2.01-grounding.json
2017-01-07 15:40:48.670367  run/compiled/config-2.02-learning_inference.json
2017-01-07 15:40:48.685847  run/compiled/config-2.03-calibration_plots.json
2017-01-07 15:40:48.708755  run/compiled/config-9.98-ensure_init_app.json
2017-01-07 15:40:48.722489  run/compiled/config-9.99-dependencies.json
2017-01-07 15:40:48.735251  run/compiled/config.json
2017-01-07 15:40:48.737967 Validating run/compiled/config.json:
2017-01-07 15:40:48.805692  checking if compiled_base_relations_have_input_data
2017-01-07 15:40:48.805779  checking if compiled_dependencies_correct
2017-01-07 15:40:48.805807  checking if compiled_input_output_well_defined
2017-01-07 15:40:48.805835  checking if compiled_output_uniquely_defined
2017-01-07 15:40:48.806406 Compiling executable code into:
2017-01-07 15:40:48.806882  run/compiled/code-Makefile.json
2017-01-07 15:40:48.825695  run/compiled/code-cmd_extractor.json
2017-01-07 15:40:48.838362  run/compiled/code-dataflow_dot.json
2017-01-07 15:40:48.853646  run/compiled/code-sql_extractor.json
2017-01-07 15:40:48.867878  run/compiled/code-tsv_extractor.json
2017-01-07 15:40:48.883953 Generating files:
2017-01-07 15:40:48.911956  run/Makefile
2017-01-07 15:40:48.922725  run/process/init/app/run.sh
2017-01-07 15:40:48.932985  run/process/init/relation/articles/run.sh
2017-01-07 15:40:48.941312  run/dataflow.dot
2017-01-07 15:40:48.960552 Warning: Could not load "/Users/pranaab/local/lib/bundled/graphviz/prefix/bin/../lib/graphviz/libgvplugin_pango.6.dylib" - file not found
2017-01-07 15:40:48.961969  run/dataflow.svg
2017-01-07 15:40:48.962784   (file:///Users/pranaab/Developer/Term3A/URA/spouseLocal/run/dataflow.svg)
2017-01-07 15:40:48.965333 ‘run/compiled’ -> ‘20170107/154047.337362000’
