2017-01-08 08:16:18.295851 # on Pranaabs-MacBook-Pro.local: deepdive do spouse_feature
2017-01-08 08:16:18.296098 # run/20170108/081613.625227000/plan.sh
2017-01-08 08:16:18.296125 # execution plan for data/spouse_feature
2017-01-08 08:16:18.296144 
2017-01-08 08:16:18.296164 : ## process/init/app ##########################################################
2017-01-08 08:16:18.296183 : # Done: 2017-01-07T16:20:10-0500 (15h 56m 3s ago)
2017-01-08 08:16:18.296201 : process/init/app/run.sh
2017-01-08 08:16:18.296219 : mark_done process/init/app
2017-01-08 08:16:18.296237 : ##############################################################################
2017-01-08 08:16:18.296254 
2017-01-08 08:16:18.296274 : ## process/init/relation/sentences ###########################################
2017-01-08 08:16:18.296292 : # Done: 2017-01-07T20:56:10-0500 (11h 20m 3s ago)
2017-01-08 08:16:18.296310 : process/init/relation/sentences/run.sh
2017-01-08 08:16:18.296329 : mark_done process/init/relation/sentences
2017-01-08 08:16:18.296346 : ##############################################################################
2017-01-08 08:16:18.296364 
2017-01-08 08:16:18.296383 : ## data/sentences ############################################################
2017-01-08 08:16:18.296401 : # Done: 2017-01-07T20:56:10-0500 (11h 20m 3s ago)
2017-01-08 08:16:18.296420 : # no-op
2017-01-08 08:16:18.296437 : mark_done data/sentences
2017-01-08 08:16:18.296456 : ##############################################################################
2017-01-08 08:16:18.296475 
2017-01-08 08:16:18.296493 : ## process/ext_person_mention_by_map_person_mention ##########################
2017-01-08 08:16:18.296511 : # Done: 2017-01-07T21:11:42-0500 (11h 4m 31s ago)
2017-01-08 08:16:18.296530 : process/ext_person_mention_by_map_person_mention/run.sh
2017-01-08 08:16:18.296548 : mark_done process/ext_person_mention_by_map_person_mention
2017-01-08 08:16:18.296566 : ##############################################################################
2017-01-08 08:16:18.296585 
2017-01-08 08:16:18.296603 : ## data/person_mention #######################################################
2017-01-08 08:16:18.296622 : # Done: 2017-01-07T21:11:42-0500 (11h 4m 31s ago)
2017-01-08 08:16:18.296640 : # no-op
2017-01-08 08:16:18.296659 : mark_done data/person_mention
2017-01-08 08:16:18.296677 : ##############################################################################
2017-01-08 08:16:18.296695 
2017-01-08 08:16:18.296712 ## process/ext_spouse_feature_by_extract_spouse_features #####################
2017-01-08 08:16:18.296730 # Done: N/A
2017-01-08 08:16:18.296749 process/ext_spouse_feature_by_extract_spouse_features/run.sh
2017-01-08 08:16:18.296767 ++ dirname process/ext_spouse_feature_by_extract_spouse_features/run.sh
2017-01-08 08:16:18.296785 + cd process/ext_spouse_feature_by_extract_spouse_features
2017-01-08 08:16:18.296803 + export DEEPDIVE_CURRENT_PROCESS_NAME=process/ext_spouse_feature_by_extract_spouse_features
2017-01-08 08:16:18.296821 + DEEPDIVE_CURRENT_PROCESS_NAME=process/ext_spouse_feature_by_extract_spouse_features
2017-01-08 08:16:18.296838 + export DEEPDIVE_LOAD_FORMAT=tsv
2017-01-08 08:16:18.296855 + DEEPDIVE_LOAD_FORMAT=tsv
2017-01-08 08:16:18.296874 + deepdive compute execute 'input_sql= SELECT R0.mention_id AS "person_mention.R0.mention_id", R1.mention_id AS "person_mention.R1.mention_id", R0.begin_index AS "person_mention.R0.begin_index", R0.end_index AS "person_mention.R0.end_index", R1.begin_index AS "person_mention.R1.begin_index", R1.end_index AS "person_mention.R1.end_index", R0.doc_id AS "person_mention.R0.doc_id", R0.sentence_index AS "person_mention.R0.sentence_index", R2.tokens AS "sentences.R2.tokens", R2.lemmas AS "sentences.R2.lemmas", R2.pos_tags AS "sentences.R2.pos_tags", R2.ner_tags AS "sentences.R2.ner_tags", R2.dep_types AS "sentences.R2.dep_types", R2.dep_tokens AS "sentences.R2.dep_tokens"
2017-01-08 08:16:18.296892 FROM person_mention R0, person_mention R1, sentences R2
2017-01-08 08:16:18.296910         WHERE R1.doc_id = R0.doc_id  AND R1.sentence_index = R0.sentence_index  AND R2.doc_id = R0.doc_id  AND R2.sentence_index = R0.sentence_index 
2017-01-08 08:16:18.296928           ' 'command="$DEEPDIVE_APP"/udf/extract_spouse_features.py' output_relation=spouse_feature
2017-01-08 08:16:18.320802 Executing with the following configuration:
2017-01-08 08:16:18.320858  DEEPDIVE_NUM_PROCESSES=3
2017-01-08 08:16:18.320880  DEEPDIVE_NUM_PARALLEL_UNLOADS=1
2017-01-08 08:16:18.320899  DEEPDIVE_NUM_PARALLEL_LOADS=1
2017-01-08 08:16:18.320967  output_relation_tmp=dd_tmp_spouse_feature
2017-01-08 08:16:18.320992 
2017-01-08 08:16:18.475003 CREATE TABLE
2017-01-08 08:16:18.556170 CREATE TABLE
2017-01-08 08:16:18.683445 unloading to feed_processes-1: ' SELECT R0.mention_id AS "person_mention.R0.mention_id", R1.mention_id AS "person_mention.R1.mention_id", R0.begin_index AS "person_mention.R0.begin_index", R0.end_index AS "person_mention.R0.end_index", R1.begin_index AS "person_mention.R1.begin_index", R1.end_index AS "person_mention.R1.end_index", R0.doc_id AS "person_mention.R0.doc_id", R0.sentence_index AS "person_mention.R0.sentence_index", R2.tokens AS "sentences.R2.tokens", R2.lemmas AS "sentences.R2.lemmas", R2.pos_tags AS "sentences.R2.pos_tags", R2.ner_tags AS "sentences.R2.ner_tags", R2.dep_types AS "sentences.R2.dep_types", R2.dep_tokens AS "sentences.R2.dep_tokens"
2017-01-08 08:16:18.683508 FROM person_mention R0, person_mention R1, sentences R2
2017-01-08 08:16:18.683533         WHERE R1.doc_id = R0.doc_id  AND R1.sentence_index = R0.sentence_index  AND R2.doc_id = R0.doc_id  AND R2.sentence_index = R0.sentence_index 
2017-01-08 08:16:18.683555           '
2017-01-08 08:16:18.688942 bash: /Users/pranaab/Developer/Term3A/URA/spouseLocal/udf/extract_spouse_features.py: Permission denied
2017-01-08 08:16:18.689329 bash: /Users/pranaab/Developer/Term3A/URA/spouseLocal/udf/extract_spouse_features.py: Permission denied
2017-01-08 08:16:18.689361 /Users/pranaab/local/util/compute-driver/local/compute-execute: line 140: kill: (30390) - No such process
2017-01-08 08:16:18.694478 [ERROR] command='"$DEEPDIVE_APP"/udf/extract_spouse_features.py': PID 30390: finished with non-zero exit status (0)
2017-01-08 08:16:18.694708 /Users/pranaab/local/util/compute-driver/local/compute-execute: line 138: 30392 Terminated: 15          DEEPDIVE_CURRENT_PROCESS_INDEX=$i bash -c "$command" < process-$i.input > process-$i.output
2017-01-08 08:16:18.694742 /Users/pranaab/local/util/compute-driver/local/compute-execute: line 138: 30396 Terminated: 15          mkmimo process-*.output \> output_computed-*
2017-01-08 08:16:18.694765 /Users/pranaab/local/util/compute-driver/local/compute-execute: line 138: 30397 Terminated: 15          deepdive-load "$output_relation_tmp" output_computed-*
2017-01-08 08:16:18.694784 /Users/pranaab/local/util/compute-driver/local/compute-execute: line 138: 30403 Terminated: 15          deepdive-db unload "$input_sql" "$DEEPDIVE_LOAD_FORMAT" feed_processes-*
2017-01-08 08:16:18.694804 /Users/pranaab/local/util/compute-driver/local/compute-execute: line 138: 30404 Terminated: 15          mkmimo feed_processes-* \> process-*.input
