2017-01-08 10:09:01.508991 # on Pranaabs-MacBook-Pro.local: deepdive do probabilities
2017-01-08 10:09:01.509234 # run/20170108/100857.746413000/plan.sh
2017-01-08 10:09:01.509262 # execution plan for data/model/probabilities
2017-01-08 10:09:01.509283 
2017-01-08 10:09:01.509304 : ## process/init/app ##########################################################
2017-01-08 10:09:01.509323 : # Done: 2017-01-07T16:20:10-0500 (17h 48m 47s ago)
2017-01-08 10:09:01.509341 : process/init/app/run.sh
2017-01-08 10:09:01.509358 : mark_done process/init/app
2017-01-08 10:09:01.509378 : ##############################################################################
2017-01-08 10:09:01.509397 
2017-01-08 10:09:01.509415 : ## process/init/relation/sentences ###########################################
2017-01-08 10:09:01.509433 : # Done: 2017-01-07T20:56:10-0500 (13h 12m 47s ago)
2017-01-08 10:09:01.509452 : process/init/relation/sentences/run.sh
2017-01-08 10:09:01.509476 : mark_done process/init/relation/sentences
2017-01-08 10:09:01.509496 : ##############################################################################
2017-01-08 10:09:01.509515 
2017-01-08 10:09:01.509532 : ## data/sentences ############################################################
2017-01-08 10:09:01.509550 : # Done: 2017-01-07T20:56:10-0500 (13h 12m 48s ago)
2017-01-08 10:09:01.509569 : # no-op
2017-01-08 10:09:01.509587 : mark_done data/sentences
2017-01-08 10:09:01.509606 : ##############################################################################
2017-01-08 10:09:01.509623 
2017-01-08 10:09:01.509641 : ## process/ext_person_mention_by_map_person_mention ##########################
2017-01-08 10:09:01.509658 : # Done: 2017-01-07T21:11:42-0500 (12h 57m 16s ago)
2017-01-08 10:09:01.509677 : process/ext_person_mention_by_map_person_mention/run.sh
2017-01-08 10:09:01.509694 : mark_done process/ext_person_mention_by_map_person_mention
2017-01-08 10:09:01.509711 : ##############################################################################
2017-01-08 10:09:01.509730 
2017-01-08 10:09:01.509747 : ## data/person_mention #######################################################
2017-01-08 10:09:01.509763 : # Done: 2017-01-07T21:11:42-0500 (12h 57m 16s ago)
2017-01-08 10:09:01.509780 : # no-op
2017-01-08 10:09:01.509797 : mark_done data/person_mention
2017-01-08 10:09:01.509813 : ##############################################################################
2017-01-08 10:09:01.509829 
2017-01-08 10:09:01.509845 : ## process/ext_num_people ####################################################
2017-01-08 10:09:01.509862 : # Done: 2017-01-08T08:06:06-0500 (2h 2m 52s ago)
2017-01-08 10:09:01.509879 : process/ext_num_people/run.sh
2017-01-08 10:09:01.509895 : mark_done process/ext_num_people
2017-01-08 10:09:01.509912 : ##############################################################################
2017-01-08 10:09:01.509929 
2017-01-08 10:09:01.509945 : ## data/num_people ###########################################################
2017-01-08 10:09:01.509963 : # Done: 2017-01-08T08:06:06-0500 (2h 2m 52s ago)
2017-01-08 10:09:01.509980 : # no-op
2017-01-08 10:09:01.509997 : mark_done data/num_people
2017-01-08 10:09:01.510014 : ##############################################################################
2017-01-08 10:09:01.510031 
2017-01-08 10:09:01.510045 : ## process/ext_spouse_candidate ##############################################
2017-01-08 10:09:01.510060 : # Done: 2017-01-08T08:06:08-0500 (2h 2m 50s ago)
2017-01-08 10:09:01.510076 : process/ext_spouse_candidate/run.sh
2017-01-08 10:09:01.510093 : mark_done process/ext_spouse_candidate
2017-01-08 10:09:01.510109 : ##############################################################################
2017-01-08 10:09:01.510125 
2017-01-08 10:09:01.510142 : ## data/spouse_candidate #####################################################
2017-01-08 10:09:01.510160 : # Done: 2017-01-08T08:06:08-0500 (2h 2m 50s ago)
2017-01-08 10:09:01.510177 : # no-op
2017-01-08 10:09:01.510194 : mark_done data/spouse_candidate
2017-01-08 10:09:01.510210 : ##############################################################################
2017-01-08 10:09:01.510229 
2017-01-08 10:09:01.510246 : ## process/ext_spouse_label_by_supervise #####################################
2017-01-08 10:09:01.510263 : # Done: 2017-01-08T09:12:25-0500 (56m 33s ago)
2017-01-08 10:09:01.510280 : process/ext_spouse_label_by_supervise/run.sh
2017-01-08 10:09:01.510297 : mark_done process/ext_spouse_label_by_supervise
2017-01-08 10:09:01.510314 : ##############################################################################
2017-01-08 10:09:01.510331 
2017-01-08 10:09:01.510348 : ## data/spouse_label #########################################################
2017-01-08 10:09:01.510365 : # Done: 2017-01-08T09:12:25-0500 (56m 33s ago)
2017-01-08 10:09:01.510382 : # no-op
2017-01-08 10:09:01.510399 : mark_done data/spouse_label
2017-01-08 10:09:01.510416 : ##############################################################################
2017-01-08 10:09:01.510433 
2017-01-08 10:09:01.510450 : ## process/ext_spouse_label_resolved #########################################
2017-01-08 10:09:01.510467 : # Done: 2017-01-08T09:12:25-0500 (56m 33s ago)
2017-01-08 10:09:01.510484 : process/ext_spouse_label_resolved/run.sh
2017-01-08 10:09:01.510501 : mark_done process/ext_spouse_label_resolved
2017-01-08 10:09:01.510518 : ##############################################################################
2017-01-08 10:09:01.510535 
2017-01-08 10:09:01.510552 : ## data/spouse_label_resolved ################################################
2017-01-08 10:09:01.510569 : # Done: 2017-01-08T09:12:25-0500 (56m 33s ago)
2017-01-08 10:09:01.510587 : # no-op
2017-01-08 10:09:01.510604 : mark_done data/spouse_label_resolved
2017-01-08 10:09:01.510621 : ##############################################################################
2017-01-08 10:09:01.510637 
2017-01-08 10:09:01.510654 : ## process/ext_has_spouse ####################################################
2017-01-08 10:09:01.510671 : # Done: 2017-01-08T09:37:26-0500 (31m 32s ago)
2017-01-08 10:09:01.510689 : process/ext_has_spouse/run.sh
2017-01-08 10:09:01.510706 : mark_done process/ext_has_spouse
2017-01-08 10:09:01.510724 : ##############################################################################
2017-01-08 10:09:01.510741 
2017-01-08 10:09:01.510757 : ## data/has_spouse ###########################################################
2017-01-08 10:09:01.510774 : # Done: 2017-01-08T09:37:26-0500 (31m 32s ago)
2017-01-08 10:09:01.510791 : # no-op
2017-01-08 10:09:01.510808 : mark_done data/has_spouse
2017-01-08 10:09:01.510825 : ##############################################################################
2017-01-08 10:09:01.510842 
2017-01-08 10:09:01.510860 ## process/grounding/variable_id_partition ###################################
2017-01-08 10:09:01.510877 # Done: N/A
2017-01-08 10:09:01.510896 process/grounding/variable_id_partition/run.sh
2017-01-08 10:09:01.510914 ++ dirname process/grounding/variable_id_partition/run.sh
2017-01-08 10:09:01.510932 + cd process/grounding/variable_id_partition
2017-01-08 10:09:01.510950 + export DEEPDIVE_CURRENT_PROCESS_NAME=process/grounding/variable_id_partition
2017-01-08 10:09:01.510967 + DEEPDIVE_CURRENT_PROCESS_NAME=process/grounding/variable_id_partition
2017-01-08 10:09:01.510984 + : /Users/pranaab/Developer/Term3A/URA/spouseLocal/run/model/grounding
2017-01-08 10:09:01.511001 + RANGE_BEGIN=0
2017-01-08 10:09:01.511018 + partition_id_range has_spouse
2017-01-08 10:09:01.511035 + variableCountTotal=0
2017-01-08 10:09:01.511052 + read table begin excludeEnd
2017-01-08 10:09:01.588027 + varPath=/Users/pranaab/Developer/Term3A/URA/spouseLocal/run/model/grounding/variable/has_spouse
2017-01-08 10:09:01.588076 + mkdir -p /Users/pranaab/Developer/Term3A/URA/spouseLocal/run/model/grounding/variable/has_spouse
2017-01-08 10:09:01.590951 + cd /Users/pranaab/Developer/Term3A/URA/spouseLocal/run/model/grounding/variable/has_spouse
2017-01-08 10:09:01.591114 + echo 0
2017-01-08 10:09:01.591284 + echo 1636
2017-01-08 10:09:01.591429 + echo 1636
2017-01-08 10:09:01.591566 + variableCountTotal=1636
2017-01-08 10:09:01.591597 + read table begin excludeEnd
2017-01-08 10:09:01.591632 + echo 1636
2017-01-08 10:09:01.592899 mark_done process/grounding/variable_id_partition
2017-01-08 10:09:01.614908 ##############################################################################
2017-01-08 10:09:01.614967 
2017-01-08 10:09:01.614989 ## process/grounding/variable/has_spouse/assign_id ###########################
2017-01-08 10:09:01.615006 # Done: N/A
2017-01-08 10:09:01.615025 process/grounding/variable/has_spouse/assign_id/run.sh
2017-01-08 10:09:01.619728 ++ dirname process/grounding/variable/has_spouse/assign_id/run.sh
2017-01-08 10:09:01.621771 + cd process/grounding/variable/has_spouse/assign_id
2017-01-08 10:09:01.621859 + export DEEPDIVE_CURRENT_PROCESS_NAME=process/grounding/variable/has_spouse/assign_id
2017-01-08 10:09:01.621889 + DEEPDIVE_CURRENT_PROCESS_NAME=process/grounding/variable/has_spouse/assign_id
2017-01-08 10:09:01.621941 + : /Users/pranaab/Developer/Term3A/URA/spouseLocal/run/model/grounding
2017-01-08 10:09:01.621966 + table=has_spouse
2017-01-08 10:09:01.621998 + cd /Users/pranaab/Developer/Term3A/URA/spouseLocal/run/model/grounding/variable/has_spouse
2017-01-08 10:09:01.622491 ++ cat id_begin
2017-01-08 10:09:01.624655 + baseId=0
2017-01-08 10:09:01.624722 + deepdive db assign_sequential_id has_spouse id 0
2017-01-08 10:09:01.684368 NOTICE:  sequence "dd_seq_has_spouse_id" does not exist, skipping
2017-01-08 10:09:01.693436 ERROR:  cannot update view "has_spouse"
2017-01-08 10:09:01.693517 DETAIL:  Views containing DISTINCT are not automatically updatable.
2017-01-08 10:09:01.693774 HINT:  To enable updating the view, provide an INSTEAD OF UPDATE trigger or an unconditional ON UPDATE DO INSTEAD rule.
