2017-01-08 10:08:54.666932 ‘run/LATEST.COMPILE’ -> ‘20170108/100854.604985000’
2017-01-08 10:08:54.667148 ‘run/RUNNING.COMPILE’ -> ‘20170108/100854.604985000’
2017-01-08 10:08:54.667174 Parsing DeepDive application (/Users/pranaab/Developer/Term3A/URA/spouseLocal) to generate:
2017-01-08 10:08:54.667194  run/compiled/schema.json
2017-01-08 10:08:54.667213   from app.ddlog
2017-01-08 10:08:55.236626  run/compiled/deepdive.conf
2017-01-08 10:08:55.236763   from app.ddlog
2017-01-08 10:08:55.890689   from deepdive.conf
2017-01-08 10:08:55.896710  run/compiled/deepdive.conf.json
2017-01-08 10:08:56.203869 Performing sanity checks on run/compiled/deepdive.conf.json:
2017-01-08 10:08:56.244525  checking if input_extractors_well_defined
2017-01-08 10:08:56.244574  checking if input_schema_wellformed
2017-01-08 10:08:56.244826 Normalizing and adding built-in processes to the data flow to compile:
2017-01-08 10:08:56.245236  run/compiled/config-0.00-init_objects.json
2017-01-08 10:08:56.259592  run/compiled/config-0.01-parse_calibration.json
2017-01-08 10:08:56.273059  run/compiled/config-0.01-parse_schema.json
2017-01-08 10:08:56.291415  run/compiled/config-0.51-add_init_app.json
2017-01-08 10:08:56.307892  run/compiled/config-0.52-input_loader.json
2017-01-08 10:08:56.323392  run/compiled/config-1.00-qualified_names.json
2017-01-08 10:08:56.346491  run/compiled/config-1.01-parse_inference_rules.json
2017-01-08 10:08:56.372289  run/compiled/config-2.01-grounding.json
2017-01-08 10:08:56.447614  run/compiled/config-2.02-learning_inference.json
2017-01-08 10:08:56.469242  run/compiled/config-2.03-calibration_plots.json
2017-01-08 10:08:56.489229  run/compiled/config-9.98-ensure_init_app.json
2017-01-08 10:08:56.508090  run/compiled/config-9.99-dependencies.json
2017-01-08 10:08:56.536960  run/compiled/config.json
2017-01-08 10:08:56.539855 Validating run/compiled/config.json:
2017-01-08 10:08:56.609249  checking if compiled_base_relations_have_input_data
2017-01-08 10:08:56.609307  checking if compiled_dependencies_correct
2017-01-08 10:08:56.609326  checking if compiled_input_output_well_defined
2017-01-08 10:08:56.609343  checking if compiled_output_uniquely_defined
2017-01-08 10:08:56.609558 Compiling executable code into:
2017-01-08 10:08:56.609814  run/compiled/code-Makefile.json
2017-01-08 10:08:56.638956  run/compiled/code-cmd_extractor.json
2017-01-08 10:08:56.658769  run/compiled/code-dataflow_dot.json
2017-01-08 10:08:56.683799  run/compiled/code-sql_extractor.json
2017-01-08 10:08:56.699753  run/compiled/code-tsv_extractor.json
2017-01-08 10:08:56.723487 Generating files:
2017-01-08 10:08:56.754545  run/Makefile
2017-01-08 10:08:56.768752  run/process/init/app/run.sh
2017-01-08 10:08:56.782159  run/process/init/relation/articles/run.sh
2017-01-08 10:08:56.795720  run/process/init/relation/sentences/run.sh
2017-01-08 10:08:56.809351  run/process/ext_has_spouse/run.sh
2017-01-08 10:08:56.823051  run/process/ext_num_people/run.sh
2017-01-08 10:08:56.842636  run/process/ext_spouse_candidate/run.sh
2017-01-08 10:08:56.863556  run/process/ext_spouse_label_resolved/run.sh
2017-01-08 10:08:56.879572  run/process/grounding/variable_id_partition/run.sh
2017-01-08 10:08:56.889614  run/process/grounding/variable/has_spouse/assign_id/run.sh
2017-01-08 10:08:56.898125  run/process/grounding/variable_holdout/run.sh
2017-01-08 10:08:56.908597  run/process/grounding/variable/has_spouse/dump/run.sh
2017-01-08 10:08:56.918007  run/process/grounding/factor/inf1_imply_has_spouse_has_spouse/materialize/run.sh
2017-01-08 10:08:56.927140  run/process/grounding/factor/inf_imply_has_spouse_has_spouse/materialize/run.sh
2017-01-08 10:08:56.937617  run/process/grounding/factor/inf_istrue_has_spouse/materialize/run.sh
2017-01-08 10:08:56.950763  run/process/grounding/weight_id_partition/run.sh
2017-01-08 10:08:56.966904  run/process/grounding/global_weight_table/run.sh
2017-01-08 10:08:56.981273  run/process/grounding/factor/inf1_imply_has_spouse_has_spouse/assign_weight_id/run.sh
2017-01-08 10:08:56.993196  run/process/grounding/factor/inf_imply_has_spouse_has_spouse/assign_weight_id/run.sh
2017-01-08 10:08:57.003068  run/process/grounding/factor/inf_istrue_has_spouse/assign_weight_id/run.sh
2017-01-08 10:08:57.013862  run/process/grounding/factor/inf1_imply_has_spouse_has_spouse/dump/run.sh
2017-01-08 10:08:57.025175  run/process/grounding/factor/inf_imply_has_spouse_has_spouse/dump/run.sh
2017-01-08 10:08:57.034135  run/process/grounding/factor/inf_istrue_has_spouse/dump/run.sh
2017-01-08 10:08:57.043836  run/process/grounding/factor/inf1_imply_has_spouse_has_spouse/dump_weights/run.sh
2017-01-08 10:08:57.053374  run/process/grounding/factor/inf_imply_has_spouse_has_spouse/dump_weights/run.sh
2017-01-08 10:08:57.062696  run/process/grounding/factor/inf_istrue_has_spouse/dump_weights/run.sh
2017-01-08 10:08:57.076175  run/process/grounding/combine_factorgraph/run.sh
2017-01-08 10:08:57.086349  run/process/model/learning/run.sh
2017-01-08 10:08:57.101802  run/process/model/inference/run.sh
2017-01-08 10:08:57.112308  run/process/model/load_weights/run.sh
2017-01-08 10:08:57.122037  run/process/model/load_probabilities/run.sh
2017-01-08 10:08:57.135154  run/process/model/calibration/run.sh
2017-01-08 10:08:57.144420  run/dataflow.dot
2017-01-08 10:08:57.157439  run/process/ext_person_mention_by_map_person_mention/run.sh
2017-01-08 10:08:57.172116  run/process/ext_spouse_feature_by_extract_spouse_features/run.sh
2017-01-08 10:08:57.186823  run/process/ext_spouse_label_by_supervise/run.sh
2017-01-08 10:08:57.226995 Warning: Could not load "/Users/pranaab/local/lib/bundled/graphviz/prefix/bin/../lib/graphviz/libgvplugin_pango.6.dylib" - file not found
2017-01-08 10:08:57.234674  run/dataflow.svg
2017-01-08 10:08:57.235571   (file:///Users/pranaab/Developer/Term3A/URA/spouseLocal/run/dataflow.svg)
2017-01-08 10:08:57.238669 ‘run/compiled’ -> ‘run/compiled~’
2017-01-08 10:08:57.241256 ‘run/compiled’ -> ‘20170108/100854.604985000’
