2017-01-07 20:56:03.327480 # on Pranaabs-MacBook-Pro.local: deepdive do sentences
2017-01-07 20:56:03.327856 # run/20170107/205600.788658000/plan.sh
2017-01-07 20:56:03.327883 # execution plan for data/sentences
2017-01-07 20:56:03.327919 
2017-01-07 20:56:03.327944 : ## process/init/app ##########################################################
2017-01-07 20:56:03.327965 : # Done: 2017-01-07T16:20:10-0500 (4h 35m 50s ago)
2017-01-07 20:56:03.327983 : process/init/app/run.sh
2017-01-07 20:56:03.328003 : mark_done process/init/app
2017-01-07 20:56:03.328024 : ##############################################################################
2017-01-07 20:56:03.328045 
2017-01-07 20:56:03.328067 ## process/init/relation/sentences ###########################################
2017-01-07 20:56:03.328088 # Done: 2017-01-07T20:51:32-0500 (4m 28s ago)
2017-01-07 20:56:03.328108 process/init/relation/sentences/run.sh
2017-01-07 20:56:03.328130 ++ dirname process/init/relation/sentences/run.sh
2017-01-07 20:56:03.328152 + cd process/init/relation/sentences
2017-01-07 20:56:03.328171 + export DEEPDIVE_CURRENT_PROCESS_NAME=process/init/relation/sentences
2017-01-07 20:56:03.328191 + DEEPDIVE_CURRENT_PROCESS_NAME=process/init/relation/sentences
2017-01-07 20:56:03.328211 + deepdive create table sentences
2017-01-07 20:56:03.452522 CREATE TABLE
2017-01-07 20:56:03.453536 + deepdive load sentences
2017-01-07 20:56:03.539771 Loading sentences from input/sentences.tsv (tsv format)
2017-01-07 20:56:10.101666 COPY 87246
2017-01-07 20:56:10.138864 mark_done process/init/relation/sentences
2017-01-07 20:56:10.174346 ##############################################################################
2017-01-07 20:56:10.174409 
2017-01-07 20:56:10.174432 ## data/sentences ############################################################
2017-01-07 20:56:10.174449 # Done: 2017-01-07T20:51:32-0500 (4m 28s ago)
2017-01-07 20:56:10.174466 # no-op
2017-01-07 20:56:10.174483 mark_done data/sentences
2017-01-07 20:56:10.187808 ##############################################################################
2017-01-07 20:56:10.187859 
