2017-01-08 09:27:20.542912 # on Pranaabs-MacBook-Pro.local: deepdive do has_spouse
2017-01-08 09:27:20.543136 # run/20170108/092717.053501000/plan.sh
2017-01-08 09:27:20.543160 # execution plan for data/has_spouse
2017-01-08 09:27:20.543179 
2017-01-08 09:27:20.543202 : ## process/init/app ##########################################################
2017-01-08 09:27:20.543235 : # Done: 2017-01-07T16:20:10-0500 (17h 7m 7s ago)
2017-01-08 09:27:20.543271 : process/init/app/run.sh
2017-01-08 09:27:20.543291 : mark_done process/init/app
2017-01-08 09:27:20.543308 : ##############################################################################
2017-01-08 09:27:20.543326 
2017-01-08 09:27:20.543345 : ## process/init/relation/sentences ###########################################
2017-01-08 09:27:20.543362 : # Done: 2017-01-07T20:56:10-0500 (12h 31m 7s ago)
2017-01-08 09:27:20.543381 : process/init/relation/sentences/run.sh
2017-01-08 09:27:20.543398 : mark_done process/init/relation/sentences
2017-01-08 09:27:20.543415 : ##############################################################################
2017-01-08 09:27:20.543432 
2017-01-08 09:27:20.543450 : ## data/sentences ############################################################
2017-01-08 09:27:20.543467 : # Done: 2017-01-07T20:56:10-0500 (12h 31m 7s ago)
2017-01-08 09:27:20.543485 : # no-op
2017-01-08 09:27:20.543502 : mark_done data/sentences
2017-01-08 09:27:20.543520 : ##############################################################################
2017-01-08 09:27:20.543537 
2017-01-08 09:27:20.543555 : ## process/ext_person_mention_by_map_person_mention ##########################
2017-01-08 09:27:20.543572 : # Done: 2017-01-07T21:11:42-0500 (12h 15m 35s ago)
2017-01-08 09:27:20.543589 : process/ext_person_mention_by_map_person_mention/run.sh
2017-01-08 09:27:20.543607 : mark_done process/ext_person_mention_by_map_person_mention
2017-01-08 09:27:20.543624 : ##############################################################################
2017-01-08 09:27:20.543642 
2017-01-08 09:27:20.543658 : ## data/person_mention #######################################################
2017-01-08 09:27:20.543675 : # Done: 2017-01-07T21:11:42-0500 (12h 15m 35s ago)
2017-01-08 09:27:20.543691 : # no-op
2017-01-08 09:27:20.543708 : mark_done data/person_mention
2017-01-08 09:27:20.543726 : ##############################################################################
2017-01-08 09:27:20.543742 
2017-01-08 09:27:20.543759 : ## process/ext_num_people ####################################################
2017-01-08 09:27:20.543776 : # Done: 2017-01-08T08:06:06-0500 (1h 21m 11s ago)
2017-01-08 09:27:20.543792 : process/ext_num_people/run.sh
2017-01-08 09:27:20.543809 : mark_done process/ext_num_people
2017-01-08 09:27:20.543825 : ##############################################################################
2017-01-08 09:27:20.543841 
2017-01-08 09:27:20.543858 : ## data/num_people ###########################################################
2017-01-08 09:27:20.543874 : # Done: 2017-01-08T08:06:06-0500 (1h 21m 11s ago)
2017-01-08 09:27:20.543891 : # no-op
2017-01-08 09:27:20.543908 : mark_done data/num_people
2017-01-08 09:27:20.543924 : ##############################################################################
2017-01-08 09:27:20.543941 
2017-01-08 09:27:20.543957 : ## process/ext_spouse_candidate ##############################################
2017-01-08 09:27:20.543974 : # Done: 2017-01-08T08:06:08-0500 (1h 21m 9s ago)
2017-01-08 09:27:20.543990 : process/ext_spouse_candidate/run.sh
2017-01-08 09:27:20.544007 : mark_done process/ext_spouse_candidate
2017-01-08 09:27:20.544023 : ##############################################################################
2017-01-08 09:27:20.544040 
2017-01-08 09:27:20.544056 : ## data/spouse_candidate #####################################################
2017-01-08 09:27:20.544073 : # Done: 2017-01-08T08:06:08-0500 (1h 21m 9s ago)
2017-01-08 09:27:20.544089 : # no-op
2017-01-08 09:27:20.544106 : mark_done data/spouse_candidate
2017-01-08 09:27:20.544122 : ##############################################################################
2017-01-08 09:27:20.544139 
2017-01-08 09:27:20.544155 : ## process/ext_spouse_label_by_supervise #####################################
2017-01-08 09:27:20.544172 : # Done: 2017-01-08T09:12:25-0500 (14m 52s ago)
2017-01-08 09:27:20.544188 : process/ext_spouse_label_by_supervise/run.sh
2017-01-08 09:27:20.544205 : mark_done process/ext_spouse_label_by_supervise
2017-01-08 09:27:20.544221 : ##############################################################################
2017-01-08 09:27:20.544237 
2017-01-08 09:27:20.544254 : ## data/spouse_label #########################################################
2017-01-08 09:27:20.544271 : # Done: 2017-01-08T09:12:25-0500 (14m 52s ago)
2017-01-08 09:27:20.544287 : # no-op
2017-01-08 09:27:20.544304 : mark_done data/spouse_label
2017-01-08 09:27:20.544320 : ##############################################################################
2017-01-08 09:27:20.544336 
2017-01-08 09:27:20.544353 : ## process/ext_spouse_label_resolved #########################################
2017-01-08 09:27:20.544369 : # Done: 2017-01-08T09:12:25-0500 (14m 52s ago)
2017-01-08 09:27:20.544385 : process/ext_spouse_label_resolved/run.sh
2017-01-08 09:27:20.544402 : mark_done process/ext_spouse_label_resolved
2017-01-08 09:27:20.544418 : ##############################################################################
2017-01-08 09:27:20.544435 
2017-01-08 09:27:20.544451 : ## data/spouse_label_resolved ################################################
2017-01-08 09:27:20.544467 : # Done: 2017-01-08T09:12:25-0500 (14m 52s ago)
2017-01-08 09:27:20.544484 : # no-op
2017-01-08 09:27:20.544500 : mark_done data/spouse_label_resolved
2017-01-08 09:27:20.544517 : ##############################################################################
2017-01-08 09:27:20.544533 
2017-01-08 09:27:20.544550 ## process/ext_has_spouse ####################################################
2017-01-08 09:27:20.544566 # Done: N/A
2017-01-08 09:27:20.544584 process/ext_has_spouse/run.sh
2017-01-08 09:27:20.544600 ++ dirname process/ext_has_spouse/run.sh
2017-01-08 09:27:20.544616 + cd process/ext_has_spouse
2017-01-08 09:27:20.544633 + export DEEPDIVE_CURRENT_PROCESS_NAME=process/ext_has_spouse
2017-01-08 09:27:20.544649 + DEEPDIVE_CURRENT_PROCESS_NAME=process/ext_has_spouse
2017-01-08 09:27:20.544666 + deepdive create table has_spouse
2017-01-08 09:27:20.652796 NOTICE:  table "has_spouse" does not exist, skipping
2017-01-08 09:27:20.656276 CREATE TABLE
2017-01-08 09:27:20.657199 + deepdive sql 'INSERT INTO has_spouse SELECT DISTINCT R0.column_0, R0.column_1, 0 AS id, 
2017-01-08 09:27:20.657242 CASE WHEN R0.column_2 > 0 THEN true
2017-01-08 09:27:20.657262      WHEN R0.column_2 < 0 THEN false
2017-01-08 09:27:20.657281      ELSE NULL
2017-01-08 09:27:20.657298 END AS label
2017-01-08 09:27:20.657316           FROM spouse_label_resolved R0
2017-01-08 09:27:20.657333         
2017-01-08 09:27:20.657351           
2017-01-08 09:27:20.657368 UNION ALL
2017-01-08 09:27:20.657385 SELECT DISTINCT R0.p1_id, R0.p2_id, 0 AS id, NULL AS label
2017-01-08 09:27:20.657401           FROM spouse_candidate R0
2017-01-08 09:27:20.657418         
2017-01-08 09:27:20.657435           '
2017-01-08 09:27:20.714993 ERROR:  UNION types boolean and text cannot be matched
2017-01-08 09:27:20.715068 LINE 10: SELECT DISTINCT R0.p1_id, R0.p2_id, 0 AS id, NULL AS label
2017-01-08 09:27:20.715259                                                       ^
