2017-01-08 09:11:39.757134 # on Pranaabs-MacBook-Pro.local: deepdive do has_spouse
2017-01-08 09:11:39.757338 # run/20170108/091136.116426000/plan.sh
2017-01-08 09:11:39.757362 # execution plan for data/has_spouse
2017-01-08 09:11:39.757381 
2017-01-08 09:11:39.757403 : ## process/init/app ##########################################################
2017-01-08 09:11:39.757420 : # Done: 2017-01-07T16:20:10-0500 (16h 51m 26s ago)
2017-01-08 09:11:39.757437 : process/init/app/run.sh
2017-01-08 09:11:39.757453 : mark_done process/init/app
2017-01-08 09:11:39.757470 : ##############################################################################
2017-01-08 09:11:39.757487 
2017-01-08 09:11:39.757509 : ## process/init/relation/sentences ###########################################
2017-01-08 09:11:39.757527 : # Done: 2017-01-07T20:56:10-0500 (12h 15m 26s ago)
2017-01-08 09:11:39.757546 : process/init/relation/sentences/run.sh
2017-01-08 09:11:39.757567 : mark_done process/init/relation/sentences
2017-01-08 09:11:39.757587 : ##############################################################################
2017-01-08 09:11:39.757608 
2017-01-08 09:11:39.757628 : ## data/sentences ############################################################
2017-01-08 09:11:39.757650 : # Done: 2017-01-07T20:56:10-0500 (12h 15m 26s ago)
2017-01-08 09:11:39.757671 : # no-op
2017-01-08 09:11:39.757689 : mark_done data/sentences
2017-01-08 09:11:39.757706 : ##############################################################################
2017-01-08 09:11:39.757724 
2017-01-08 09:11:39.757741 : ## process/ext_person_mention_by_map_person_mention ##########################
2017-01-08 09:11:39.757759 : # Done: 2017-01-07T21:11:42-0500 (11h 59m 54s ago)
2017-01-08 09:11:39.757776 : process/ext_person_mention_by_map_person_mention/run.sh
2017-01-08 09:11:39.757793 : mark_done process/ext_person_mention_by_map_person_mention
2017-01-08 09:11:39.757811 : ##############################################################################
2017-01-08 09:11:39.757828 
2017-01-08 09:11:39.757845 : ## data/person_mention #######################################################
2017-01-08 09:11:39.757863 : # Done: 2017-01-07T21:11:42-0500 (11h 59m 54s ago)
2017-01-08 09:11:39.757877 : # no-op
2017-01-08 09:11:39.757888 : mark_done data/person_mention
2017-01-08 09:11:39.757899 : ##############################################################################
2017-01-08 09:11:39.757910 
2017-01-08 09:11:39.757921 : ## process/ext_num_people ####################################################
2017-01-08 09:11:39.757931 : # Done: 2017-01-08T08:06:06-0500 (1h 5m 30s ago)
2017-01-08 09:11:39.757942 : process/ext_num_people/run.sh
2017-01-08 09:11:39.757954 : mark_done process/ext_num_people
2017-01-08 09:11:39.757964 : ##############################################################################
2017-01-08 09:11:39.757975 
2017-01-08 09:11:39.757986 : ## data/num_people ###########################################################
2017-01-08 09:11:39.757997 : # Done: 2017-01-08T08:06:06-0500 (1h 5m 30s ago)
2017-01-08 09:11:39.758007 : # no-op
2017-01-08 09:11:39.758018 : mark_done data/num_people
2017-01-08 09:11:39.758030 : ##############################################################################
2017-01-08 09:11:39.758040 
2017-01-08 09:11:39.758051 : ## process/ext_spouse_candidate ##############################################
2017-01-08 09:11:39.758062 : # Done: 2017-01-08T08:06:08-0500 (1h 5m 28s ago)
2017-01-08 09:11:39.758072 : process/ext_spouse_candidate/run.sh
2017-01-08 09:11:39.758083 : mark_done process/ext_spouse_candidate
2017-01-08 09:11:39.758094 : ##############################################################################
2017-01-08 09:11:39.758104 
2017-01-08 09:11:39.758115 : ## data/spouse_candidate #####################################################
2017-01-08 09:11:39.758126 : # Done: 2017-01-08T08:06:08-0500 (1h 5m 28s ago)
2017-01-08 09:11:39.758136 : # no-op
2017-01-08 09:11:39.758147 : mark_done data/spouse_candidate
2017-01-08 09:11:39.758157 : ##############################################################################
2017-01-08 09:11:39.758168 
2017-01-08 09:11:39.758178 ## process/ext_spouse_label_by_supervise #####################################
2017-01-08 09:11:39.758190 # Done: N/A
2017-01-08 09:11:39.758201 process/ext_spouse_label_by_supervise/run.sh
2017-01-08 09:11:39.758211 ++ dirname process/ext_spouse_label_by_supervise/run.sh
2017-01-08 09:11:39.758222 + cd process/ext_spouse_label_by_supervise
2017-01-08 09:11:39.758233 + export DEEPDIVE_CURRENT_PROCESS_NAME=process/ext_spouse_label_by_supervise
2017-01-08 09:11:39.758243 + DEEPDIVE_CURRENT_PROCESS_NAME=process/ext_spouse_label_by_supervise
2017-01-08 09:11:39.758254 + export DEEPDIVE_LOAD_FORMAT=tsv
2017-01-08 09:11:39.758264 + DEEPDIVE_LOAD_FORMAT=tsv
2017-01-08 09:11:39.758276 + deepdive compute execute 'input_sql= SELECT R0.p1_id AS "spouse_candidate.R0.p1_id", R1.begin_index AS "person_mention.R1.begin_index", R1.end_index AS "person_mention.R1.end_index", R0.p2_id AS "spouse_candidate.R0.p2_id", R2.begin_index AS "person_mention.R2.begin_index", R2.end_index AS "person_mention.R2.end_index", R1.doc_id AS "person_mention.R1.doc_id", R1.sentence_index AS "person_mention.R1.sentence_index", R3.sentence_text AS "sentences.R3.sentence_text", R3.tokens AS "sentences.R3.tokens", R3.lemmas AS "sentences.R3.lemmas", R3.pos_tags AS "sentences.R3.pos_tags", R3.ner_tags AS "sentences.R3.ner_tags", R3.dep_types AS "sentences.R3.dep_types", R3.dep_tokens AS "sentences.R3.dep_tokens"
2017-01-08 09:11:39.758287 FROM spouse_candidate R0, person_mention R1, person_mention R2, sentences R3
2017-01-08 09:11:39.758298         WHERE R1.mention_id = R0.p1_id  AND R2.mention_id = R0.p2_id  AND R3.doc_id = R1.doc_id  AND R3.sentence_index = R1.sentence_index 
2017-01-08 09:11:39.758309           ' 'command="$DEEPDIVE_APP"/udf/supervise_spouse.py' output_relation=spouse_label
2017-01-08 09:11:39.789133 Executing with the following configuration:
2017-01-08 09:11:39.789191  DEEPDIVE_NUM_PROCESSES=3
2017-01-08 09:11:39.789213  DEEPDIVE_NUM_PARALLEL_UNLOADS=1
2017-01-08 09:11:39.789231  DEEPDIVE_NUM_PARALLEL_LOADS=1
2017-01-08 09:11:39.789296  output_relation_tmp=dd_tmp_spouse_label
2017-01-08 09:11:39.789320 
2017-01-08 09:11:39.988609 NOTICE:  table "spouse_label" does not exist, skipping
2017-01-08 09:11:39.998071 CREATE TABLE
2017-01-08 09:11:40.068187 CREATE TABLE
2017-01-08 09:11:40.206779 unloading to feed_processes-1: ' SELECT R0.p1_id AS "spouse_candidate.R0.p1_id", R1.begin_index AS "person_mention.R1.begin_index", R1.end_index AS "person_mention.R1.end_index", R0.p2_id AS "spouse_candidate.R0.p2_id", R2.begin_index AS "person_mention.R2.begin_index", R2.end_index AS "person_mention.R2.end_index", R1.doc_id AS "person_mention.R1.doc_id", R1.sentence_index AS "person_mention.R1.sentence_index", R3.sentence_text AS "sentences.R3.sentence_text", R3.tokens AS "sentences.R3.tokens", R3.lemmas AS "sentences.R3.lemmas", R3.pos_tags AS "sentences.R3.pos_tags", R3.ner_tags AS "sentences.R3.ner_tags", R3.dep_types AS "sentences.R3.dep_types", R3.dep_tokens AS "sentences.R3.dep_tokens"
2017-01-08 09:11:40.206840 FROM spouse_candidate R0, person_mention R1, person_mention R2, sentences R3
2017-01-08 09:11:40.206892         WHERE R1.mention_id = R0.p1_id  AND R2.mention_id = R0.p2_id  AND R3.doc_id = R1.doc_id  AND R3.sentence_index = R1.sentence_index 
2017-01-08 09:11:40.206912           '
2017-01-08 09:11:40.210724 bash: /Users/pranaab/Developer/Term3A/URA/spouseLocal/udf/supervise_spouse.py: Permission denied
2017-01-08 09:11:40.211002 bash: /Users/pranaab/Developer/Term3A/URA/spouseLocal/udf/supervise_spouse.py: Permission denied
2017-01-08 09:11:40.211413 /Users/pranaab/local/util/compute-driver/local/compute-execute: line 140: kill: (32579) - No such process
2017-01-08 09:11:40.211450 /Users/pranaab/local/util/compute-driver/local/compute-execute: line 140: kill: (32580) - No such process
2017-01-08 09:11:40.217550 [ERROR] command='"$DEEPDIVE_APP"/udf/supervise_spouse.py': PID 32579: finished with non-zero exit status (0)
2017-01-08 09:11:40.218026 /Users/pranaab/local/util/compute-driver/local/compute-execute: line 138: 32581 Terminated: 15          DEEPDIVE_CURRENT_PROCESS_INDEX=$i bash -c "$command" < process-$i.input > process-$i.output
2017-01-08 09:11:40.218064 /Users/pranaab/local/util/compute-driver/local/compute-execute: line 138: 32585 Terminated: 15          mkmimo process-*.output \> output_computed-*
2017-01-08 09:11:40.218084 /Users/pranaab/local/util/compute-driver/local/compute-execute: line 138: 32586 Terminated: 15          deepdive-load "$output_relation_tmp" output_computed-*
2017-01-08 09:11:40.218102 /Users/pranaab/local/util/compute-driver/local/compute-execute: line 138: 32592 Terminated: 15          deepdive-db unload "$input_sql" "$DEEPDIVE_LOAD_FORMAT" feed_processes-*
2017-01-08 09:11:40.218120 /Users/pranaab/local/util/compute-driver/local/compute-execute: line 138: 32593 Terminated: 15          mkmimo feed_processes-* \> process-*.input
