2017-01-07 16:59:09.719177 # on Pranaabs-MacBook-Pro.local: deepdive do sentences
2017-01-07 16:59:09.719480 # run/20170107/165902.391860000/plan.sh
2017-01-07 16:59:09.719510 # execution plan for data/sentences
2017-01-07 16:59:09.719531 
2017-01-07 16:59:09.719555 : ## process/init/app ##########################################################
2017-01-07 16:59:09.719575 : # Done: 2017-01-07T16:20:10-0500 (38m 52s ago)
2017-01-07 16:59:09.719595 : process/init/app/run.sh
2017-01-07 16:59:09.719613 : mark_done process/init/app
2017-01-07 16:59:09.719632 : ##############################################################################
2017-01-07 16:59:09.719652 
2017-01-07 16:59:09.719671 : ## process/init/relation/articles ############################################
2017-01-07 16:59:09.719690 : # Done: 2017-01-07T16:20:10-0500 (38m 52s ago)
2017-01-07 16:59:09.719711 : process/init/relation/articles/run.sh
2017-01-07 16:59:09.719730 : mark_done process/init/relation/articles
2017-01-07 16:59:09.719749 : ##############################################################################
2017-01-07 16:59:09.719768 
2017-01-07 16:59:09.719787 : ## data/articles #############################################################
2017-01-07 16:59:09.719808 : # Done: 2017-01-07T16:20:10-0500 (38m 52s ago)
2017-01-07 16:59:09.719828 : # no-op
2017-01-07 16:59:09.719848 : mark_done data/articles
2017-01-07 16:59:09.719868 : ##############################################################################
2017-01-07 16:59:09.719888 
2017-01-07 16:59:09.719908 ## process/ext_sentences_by_nlp_markup #######################################
2017-01-07 16:59:09.719928 # Done: N/A
2017-01-07 16:59:09.719948 process/ext_sentences_by_nlp_markup/run.sh
2017-01-07 16:59:09.719967 ++ dirname process/ext_sentences_by_nlp_markup/run.sh
2017-01-07 16:59:09.719987 + cd process/ext_sentences_by_nlp_markup
2017-01-07 16:59:09.720007 + export DEEPDIVE_CURRENT_PROCESS_NAME=process/ext_sentences_by_nlp_markup
2017-01-07 16:59:09.720027 + DEEPDIVE_CURRENT_PROCESS_NAME=process/ext_sentences_by_nlp_markup
2017-01-07 16:59:09.720045 + export DEEPDIVE_LOAD_FORMAT=tsv
2017-01-07 16:59:09.720064 + DEEPDIVE_LOAD_FORMAT=tsv
2017-01-07 16:59:09.720082 + deepdive compute execute 'input_sql= SELECT R0.id AS "articles.R0.id", R0.content AS "articles.R0.content"
2017-01-07 16:59:09.720101 FROM articles R0
2017-01-07 16:59:09.720120         
2017-01-07 16:59:09.720138           ' 'command="$DEEPDIVE_APP"/udf/nlp_markup.sh' output_relation=sentences
2017-01-07 16:59:09.767461 Executing with the following configuration:
2017-01-07 16:59:09.767522  DEEPDIVE_NUM_PROCESSES=3
2017-01-07 16:59:09.767546  DEEPDIVE_NUM_PARALLEL_UNLOADS=1
2017-01-07 16:59:09.767567  DEEPDIVE_NUM_PARALLEL_LOADS=1
2017-01-07 16:59:09.767640  output_relation_tmp=dd_tmp_sentences
2017-01-07 16:59:09.767667 
2017-01-07 16:59:09.937447 psql: FATAL:  role "root" does not exist
